<?xml version="1.0" encoding="UTF-8"?>
<!-- Generated by org.testng.reporters.JUnitXMLReporter -->
<testsuite ignored="0" hostname="Sanket" failures="0" tests="12" name="Test" time="54.688" errors="0" timestamp="2023-08-09T16:43:23 IST">
  <testcase classname="Com.winvest.test.GraphData" name="revenuvePopMessage" time="2.825"/>
  <testcase classname="Com.winvest.test.GraphData" name="rvenuveDropDown" time="2.172"/>
  <testcase classname="Com.winvest.test.GraphData" name="revunveGraphAligment" time="2.281"/>
  <testcase classname="Com.winvest.test.GraphData" name="profitPopMessage" time="2.483"/>
  <testcase classname="Com.winvest.test.GraphData" name="profitDropDown" time="2.151"/>
  <testcase classname="Com.winvest.test.GraphData" name="profitGraphAligment" time="2.321"/>
  <testcase classname="Com.winvest.test.GraphData" name="Gmv_collectionPopMessage" time="2.506"/>
  <testcase classname="Com.winvest.test.GraphData" name="Gmv_collectionDropDown" time="2.094"/>
  <testcase classname="Com.winvest.test.GraphData" name="Gmv_collectionGraphAligment" time="2.31"/>
  <testcase classname="Com.winvest.test.GraphData" name="trancationPopMessage" time="2.482"/>
  <testcase classname="Com.winvest.test.GraphData" name="trancationDropDown" time="2.131"/>
  <testcase classname="Com.winvest.test.GraphData" name="trancationGraphAligment" time="2.199"/>
</testsuite> <!-- Test -->
